<?xml version="1.0" encoding="UTF-8"?>
<!-- Generated by org.testng.reporters.JUnitReportReporter -->
<testsuite hostname="LAPTOP-Q7VQGJEK" failures="0" tests="2" name="maven_selenuim.MavenJava.RestAPITest" time="0.004" errors="0" timestamp="2021-01-31T01:20:01 IST" skipped="0">
  <testcase classname="maven_selenuim.MavenJava.RestAPITest" name="annotation" time="0.002"/>
  <system-out/>
  <testcase classname="maven_selenuim.MavenJava.RestAPITest" name="RestAPIAutomation" time="0.002"/>
  <system-out/>
</testsuite> <!-- maven_selenuim.MavenJava.RestAPITest -->
