<?xml version="1.0" encoding="UTF-8"?>
<!-- Generated by org.testng.reporters.JUnitReportReporter -->
<testsuite hostname="LAPTOP-Q7VQGJEK" failures="0" tests="2" name="maven_selenuim.MavenJava.AppiumTest" time="0.015" errors="0" timestamp="2021-01-31T02:09:20 IST" skipped="0">
  <testcase classname="maven_selenuim.MavenJava.AppiumTest" name="appiumAutomation2" time="0.000"/>
  <system-out/>
  <testcase classname="maven_selenuim.MavenJava.AppiumTest" name="appiumAutomation1" time="0.015"/>
  <system-out/>
</testsuite> <!-- maven_selenuim.MavenJava.AppiumTest -->
